#
# There is insufficient memory for the Java Runtime Environment to continue.
# Native memory allocation (mmap) failed to map 247463936 bytes for G1 virtual space
# Possible reasons:
#   The system is out of physical RAM or swap space
#   The process is running with CompressedOops enabled, and the Java Heap may be blocking the growth of the native heap
# Possible solutions:
#   Reduce memory load on the system
#   Increase physical memory or swap space
#   Check if swap backing store is full
#   Decrease Java heap size (-Xmx/-Xms)
#   Decrease number of Java threads
#   Decrease Java thread stack sizes (-Xss)
#   Set larger code cache with -XX:ReservedCodeCacheSize=
#   JVM is running with Zero Based Compressed Oops mode in which the Java heap is
#     placed in the first 32GB address space. The Java Heap base address is the
#     maximum limit for the native heap growth. Please use -XX:HeapBaseMinAddress
#     to set the Java Heap base and to place the Java Heap above 32GB virtual address.
# This output file may be truncated or incomplete.
#
#  Out of Memory Error (./open/src/hotspot/os/windows/os_windows.cpp:3321), pid=13404, tid=4764
#
# JRE version: Java(TM) SE Runtime Environment (15.0.2+7) (build 15.0.2+7-27)
# Java VM: Java HotSpot(TM) 64-Bit Server VM (15.0.2+7-27, mixed mode, sharing, tiered, compressed oops, g1 gc, windows-amd64)
# No core dump will be written. Minidumps are not enabled by default on client versions of Windows
#

---------------  S U M M A R Y ------------

Command Line: --add-opens=java.base/java.util=ALL-UNNAMED --add-opens=java.base/java.lang=ALL-UNNAMED --add-opens=java.base/java.lang.invoke=ALL-UNNAMED --add-opens=java.prefs/java.util.prefs=ALL-UNNAMED -Xmx4608m -Dfile.encoding=windows-1252 -Duser.country=IN -Duser.language=en -Duser.variant org.gradle.launcher.daemon.bootstrap.GradleDaemon 6.9

Host: Intel(R) Core(TM) i3-1005G1 CPU @ 1.20GHz, 4 cores, 3G,  Windows 10 , 64 bit Build 22000 (10.0.22000.675)
Time: Sun Jun 12 13:26:50 2022 India Standard Time elapsed time: 148.825585 seconds (0d 0h 2m 28s)

---------------  T H R E A D  ---------------

Current thread (0x000002d6c0413420):  VMThread "VM Thread" [stack: 0x000000e9f1a00000,0x000000e9f1b00000] [id=4764]

Stack: [0x000000e9f1a00000,0x000000e9f1b00000]
[error occurred during error reporting (printing stack bounds), id 0xc0000005, EXCEPTION_ACCESS_VIOLATION (0xc0000005) at pc=0x000002d6a4491267]

Native frames: (J=compiled Java code, j=interpreted, Vv=VM code, C=native code)
V  [jvm.dll+0x62ae9a]
V  [jvm.dll+0x7817a9]
V  [jvm.dll+0x782f03]
V  [jvm.dll+0x7834c5]
V  [jvm.dll+0x78347b]
V  [jvm.dll+0x62a2b9]
V  [jvm.dll+0x62aa88]
C  [ntdll.dll+0xa8e4f]
C  [ntdll.dll+0x35e9a]
C  [ntdll.dll+0xa7e5e]
C  0x000002d6a4491267

VM_Operation (0x000000e9f16ff800): G1Concurrent, mode: safepoint, requested by thread 0x000002d69c2c7410


---------------  P R O C E S S  ---------------

Threads class SMR info:
_java_thread_list=0x000002d6c7618380, length=54, elements={
0x000002d69c26bf60, 0x000002d6c0415cb0, 0x000002d6c0418890, 0x000002d6c0433a30,
0x000002d6c04354f0, 0x000002d6c0435fa0, 0x000002d6c0436e30, 0x000002d6c0496c00,
0x000002d6c0dc0080, 0x000002d6c0e6fcb0, 0x000002d6c0e80880, 0x000002d6c29d7910,
0x000002d6c298e940, 0x000002d6c28c3030, 0x000002d6c2cec980, 0x000002d6c2c68900,
0x000002d6c1c289d0, 0x000002d6c252acd0, 0x000002d6c2ce6d20, 0x000002d6c16b85c0,
0x000002d6c29a33a0, 0x000002d6c29a3870, 0x000002d6c29a3d40, 0x000002d6c29a46e0,
0x000002d6c29a4210, 0x000002d6c29a4bb0, 0x000002d6c29a5080, 0x000002d6c29a5550,
0x000002d6c29a2ed0, 0x000002d6c31ac860, 0x000002d6c31aa6b0, 0x000002d6c31ac390,
0x000002d6c31acd30, 0x000002d6c31ad200, 0x000002d6c31ad6d0, 0x000002d6c68f06c0,
0x000002d6c0f325c0, 0x000002d6c0f2cf20, 0x000002d6c0f2dd90, 0x000002d6c0f2f0d0,
0x000002d6c0f2f5a0, 0x000002d6c6727b30, 0x000002d6c6729340, 0x000002d6c0f2e730,
0x000002d6c0f2c580, 0x000002d6cb77ff30, 0x000002d6c68efd20, 0x000002d6cddc2d00,
0x000002d6cddc14f0, 0x000002d6cddc2830, 0x000002d6cddc36a0, 0x000002d6c11c5770,
0x000002d6c11c1410, 0x000002d6c11c18e0
}

Java Threads: ( => current thread )
  0x000002d69c26bf60 JavaThread "main" [_thread_blocked, id=13104, stack(0x000000e9f1400000,0x000000e9f1500000)]
  0x000002d6c0415cb0 JavaThread "Reference Handler" daemon [_thread_blocked, id=18104, stack(0x000000e9f1b00000,0x000000e9f1c00000)]
  0x000002d6c0418890 JavaThread "Finalizer" daemon [_thread_blocked, id=12088, stack(0x000000e9f1c00000,0x000000e9f1d00000)]
  0x000002d6c0433a30 JavaThread "Signal Dispatcher" daemon [_thread_blocked, id=9848, stack(0x000000e9f1d00000,0x000000e9f1e00000)]
  0x000002d6c04354f0 JavaThread "Attach Listener" daemon [_thread_blocked, id=2292, stack(0x000000e9f1e00000,0x000000e9f1f00000)]
  0x000002d6c0435fa0 JavaThread "Service Thread" daemon [_thread_blocked, id=13184, stack(0x000000e9f1f00000,0x000000e9f2000000)]
  0x000002d6c0436e30 JavaThread "C2 CompilerThread0" daemon [_thread_blocked, id=6360, stack(0x000000e9f2000000,0x000000e9f2100000)]
  0x000002d6c0496c00 JavaThread "C1 CompilerThread0" daemon [_thread_blocked, id=1500, stack(0x000000e9f2100000,0x000000e9f2200000)]
  0x000002d6c0dc0080 JavaThread "Sweeper thread" daemon [_thread_blocked, id=4592, stack(0x000000e9f2200000,0x000000e9f2300000)]
  0x000002d6c0e6fcb0 JavaThread "Common-Cleaner" daemon [_thread_blocked, id=12464, stack(0x000000e9f2300000,0x000000e9f2400000)]
  0x000002d6c0e80880 JavaThread "Notification Thread" daemon [_thread_blocked, id=13892, stack(0x000000e9f2400000,0x000000e9f2500000)]
  0x000002d6c29d7910 JavaThread "Daemon health stats" [_thread_blocked, id=14060, stack(0x000000e9f2700000,0x000000e9f2800000)]
  0x000002d6c298e940 JavaThread "Incoming local TCP Connector on port 4817" [_thread_in_native, id=10064, stack(0x000000e9f2800000,0x000000e9f2900000)]
  0x000002d6c28c3030 JavaThread "Daemon periodic checks" [_thread_blocked, id=16168, stack(0x000000e9f2900000,0x000000e9f2a00000)]
  0x000002d6c2cec980 JavaThread "Daemon" [_thread_blocked, id=17588, stack(0x000000e9f2a00000,0x000000e9f2b00000)]
  0x000002d6c2c68900 JavaThread "Handler for socket connection from /127.0.0.1:4817 to /127.0.0.1:4818" [_thread_in_native, id=17036, stack(0x000000e9f2b00000,0x000000e9f2c00000)]
  0x000002d6c1c289d0 JavaThread "Cancel handler" [_thread_blocked, id=12980, stack(0x000000e9f2c00000,0x000000e9f2d00000)]
  0x000002d6c252acd0 JavaThread "Daemon worker" [_thread_blocked, id=13992, stack(0x000000e9f2d00000,0x000000e9f2e00000)]
  0x000002d6c2ce6d20 JavaThread "Asynchronous log dispatcher for DefaultDaemonConnection: socket connection from /127.0.0.1:4817 to /127.0.0.1:4818" [_thread_blocked, id=2084, stack(0x000000e9f2e00000,0x000000e9f2f00000)]
  0x000002d6c16b85c0 JavaThread "Stdin handler" [_thread_blocked, id=10404, stack(0x000000e9f2f00000,0x000000e9f3000000)]
  0x000002d6c29a33a0 JavaThread "Daemon client event forwarder" [_thread_blocked, id=15984, stack(0x000000e9f3000000,0x000000e9f3100000)]
  0x000002d6c29a3870 JavaThread "Cache worker for file hash cache (C:\Users\jai\.gradle\caches\6.9\fileHashes)" [_thread_blocked, id=15284, stack(0x000000e9f3300000,0x000000e9f3400000)]
  0x000002d6c29a3d40 JavaThread "File lock request listener" [_thread_in_native, id=13952, stack(0x000000e9f3400000,0x000000e9f3500000)]
  0x000002d6c29a46e0 JavaThread "Cache worker for journal cache (C:\Users\jai\.gradle\caches\journal-1)" [_thread_blocked, id=9648, stack(0x000000e9f3500000,0x000000e9f3600000)]
  0x000002d6c29a4210 JavaThread "Cache worker for file hash cache (E:\SoleraApp\Sachin\Docmz-app\android\.gradle\6.9\fileHashes)" [_thread_blocked, id=2588, stack(0x000000e9f3600000,0x000000e9f3700000)]
  0x000002d6c29a4bb0 JavaThread "Cache worker for checksums cache (E:\SoleraApp\Sachin\Docmz-app\android\.gradle\checksums)" [_thread_blocked, id=4492, stack(0x000000e9f3700000,0x000000e9f3800000)]
  0x000002d6c29a5080 JavaThread "Cache worker for cache directory md-supplier (C:\Users\jai\.gradle\caches\6.9\md-supplier)" [_thread_blocked, id=14976, stack(0x000000e9f3800000,0x000000e9f3900000)]
  0x000002d6c29a5550 JavaThread "Cache worker for cache directory md-rule (C:\Users\jai\.gradle\caches\6.9\md-rule)" [_thread_blocked, id=14288, stack(0x000000e9f3900000,0x000000e9f3a00000)]
  0x000002d6c29a2ed0 JavaThread "Cache worker for execution history cache (C:\Users\jai\.gradle\caches\6.9\executionHistory)" [_thread_blocked, id=18168, stack(0x000000e9f3a00000,0x000000e9f3b00000)]
  0x000002d6c31ac860 JavaThread "Cache worker for file content cache (C:\Users\jai\.gradle\caches\6.9\fileContent)" [_thread_blocked, id=17232, stack(0x000000e9f3c00000,0x000000e9f3d00000)]
  0x000002d6c31aa6b0 JavaThread "Cache worker for Build Output Cleanup Cache (E:\SoleraApp\Sachin\Docmz-app\android\.gradle\buildOutputCleanup)" [_thread_blocked, id=5040, stack(0x000000e9f3e00000,0x000000e9f3f00000)]
  0x000002d6c31ac390 JavaThread "Build operations" [_thread_blocked, id=15592, stack(0x000000e9f4000000,0x000000e9f4100000)]
  0x000002d6c31acd30 JavaThread "Build operations Thread 2" [_thread_blocked, id=4700, stack(0x000000e9f4100000,0x000000e9f4200000)]
  0x000002d6c31ad200 JavaThread "Build operations Thread 3" [_thread_blocked, id=9672, stack(0x000000e9f4200000,0x000000e9f4300000)]
  0x000002d6c31ad6d0 JavaThread "Build operations Thread 4" [_thread_blocked, id=5028, stack(0x000000e9f4300000,0x000000e9f4400000)]
  0x000002d6c68f06c0 JavaThread "Memory manager" [_thread_blocked, id=7292, stack(0x000000e9fa100000,0x000000e9fa200000)]
  0x000002d6c0f325c0 JavaThread "Execution worker for ':'" [_thread_blocked, id=7504, stack(0x000000e9fa600000,0x000000e9fa700000)]
  0x000002d6c0f2cf20 JavaThread "Execution worker for ':' Thread 2" [_thread_blocked, id=7892, stack(0x000000e9fa700000,0x000000e9fa800000)]
  0x000002d6c0f2dd90 JavaThread "Execution worker for ':' Thread 3" [_thread_blocked, id=16548, stack(0x000000e9fa800000,0x000000e9fa900000)]
  0x000002d6c0f2f0d0 JavaThread "Cache worker for execution history cache (E:\SoleraApp\Sachin\Docmz-app\android\.gradle\6.9\executionHistory)" [_thread_blocked, id=11420, stack(0x000000e9fa900000,0x000000e9faa00000)]
  0x000002d6c0f2f5a0 JavaThread "WorkerExecutor Queue Thread 2" [_thread_blocked, id=16784, stack(0x000000e9fab00000,0x000000e9fac00000)]
  0x000002d6c6727b30 JavaThread "ForkJoinPool-1-worker-3" daemon [_thread_blocked, id=12004, stack(0x000000e9fb100000,0x000000e9fb200000)]
  0x000002d6c6729340 JavaThread "ForkJoinPool-1-worker-5" daemon [_thread_blocked, id=10940, stack(0x000000e9fb200000,0x000000e9fb300000)]
  0x000002d6c0f2e730 JavaThread "ForkJoinPool-1-worker-7" daemon [_thread_blocked, id=3692, stack(0x000000e9fb300000,0x000000e9fb400000)]
  0x000002d6c0f2c580 JavaThread "pool-2-thread-1" [_thread_blocked, id=3500, stack(0x000000e9fb400000,0x000000e9fb500000)]
  0x000002d6cb77ff30 JavaThread "stderr" daemon [_thread_in_native, id=14472, stack(0x000000e9fb500000,0x000000e9fb600000)]
  0x000002d6c68efd20 JavaThread "stdout" daemon [_thread_in_native, id=708, stack(0x000000e9fb600000,0x000000e9fb700000)]
  0x000002d6cddc2d00 JavaThread "stderr" daemon [_thread_in_native, id=7780, stack(0x000000e9fb700000,0x000000e9fb800000)]
  0x000002d6cddc14f0 JavaThread "stdout" daemon [_thread_in_native, id=9820, stack(0x000000e9fb800000,0x000000e9fb900000)]
  0x000002d6cddc2830 JavaThread "stderr" daemon [_thread_in_native, id=1380, stack(0x000000e9fb900000,0x000000e9fba00000)]
  0x000002d6cddc36a0 JavaThread "stdout" daemon [_thread_in_native, id=18144, stack(0x000000e9fba00000,0x000000e9fbb00000)]
  0x000002d6c11c5770 JavaThread "WorkerExecutor Queue Thread 6" [_thread_blocked, id=14048, stack(0x000000e9f1100000,0x000000e9f1200000)]
  0x000002d6c11c1410 JavaThread "WorkerExecutor Queue Thread 7" [_thread_blocked, id=11488, stack(0x000000e9f1200000,0x000000e9f1300000)]
  0x000002d6c11c18e0 JavaThread "WorkerExecutor Queue Thread 8" [_thread_blocked, id=17356, stack(0x000000e9f1300000,0x000000e9f1400000)]

Other Threads:
=>0x000002d6c0413420 VMThread "VM Thread" [stack: 0x000000e9f1a00000,0x000000e9f1b00000] [id=4764]
  0x000002d6c0e86d70 WatcherThread [stack: 0x000000e9f2500000,0x000000e9f2600000] [id=4908]
  0x000002d69c2bd2c0 GCTaskThread "GC Thread#0" [stack: 0x000000e9f1500000,0x000000e9f1600000] [id=17312]
  0x000002d6c0e5e090 GCTaskThread "GC Thread#1" [stack: 0x000000e9f2600000,0x000000e9f2700000] [id=7340]
  0x000002d6c131cd80 GCTaskThread "GC Thread#2" [stack: 0x000000e9f3100000,0x000000e9f3200000] [id=17632]
  0x000002d6c131ca50 GCTaskThread "GC Thread#3" [stack: 0x000000e9f3200000,0x000000e9f3300000] [id=13336]
  0x000002d69c2c7410 ConcurrentGCThread "G1 Main Marker" [stack: 0x000000e9f1600000,0x000000e9f1700000] [id=16636]
  0x000002d69c2c8000 ConcurrentGCThread "G1 Conc#0" [stack: 0x000000e9f1700000,0x000000e9f1800000] [id=12952]
  0x000002d69c2f9600 ConcurrentGCThread "G1 Refine#0" [stack: 0x000000e9f1800000,0x000000e9f1900000] [id=9356]
  0x000002d6c2729810 ConcurrentGCThread "G1 Refine#1" [stack: 0x000000e9f3d00000,0x000000e9f3e00000] [id=14636]
  0x000002d6c8cba8e0 ConcurrentGCThread "G1 Refine#2" [stack: 0x000000e9fae00000,0x000000e9faf00000] [id=12760]
  0x000002d6c8cbe5a0 ConcurrentGCThread "G1 Refine#3" [stack: 0x000000e9faf00000,0x000000e9fb000000] [id=3648]
  0x000002d69c2fa200 ConcurrentGCThread "G1 Young RemSet Sampling" [stack: 0x000000e9f1900000,0x000000e9f1a00000] [id=15692]

Threads with active compile tasks:

VM state: at safepoint (normal execution)

VM Mutex/Monitor currently owned by a thread:  ([mutex/lock_event])
[0x000002d69a128da0] Threads_lock - owner thread: 0x000002d6c0413420
[0x000002d69c267760] Heap_lock - owner thread: 0x000002d69c2c7410

Heap address: 0x00000006e0000000, size: 4608 MB, Compressed Oops mode: Zero based, Oop shift amount: 3
CDS archive(s) mapped at: [0x0000000800000000-0x0000000800b50000-0x0000000800b50000), size 11862016, SharedBaseAddress: 0x0000000800000000, ArchiveRelocationMode: 0.
Compressed class space mapped at: 0x0000000800b50000-0x0000000840b50000, size: 1073741824
Narrow klass base: 0x0000000800000000, Narrow klass shift: 3, Narrow klass range: 0x100000000

GC Precious Log:
 CPUs: 4 total, 4 available
 Memory: 3787M
 Large Page Support: Disabled
 NUMA Support: Disabled
 Compressed Oops: Enabled (Zero based)
 Heap Region Size: 4M
 Heap Min Capacity: 8M
 Heap Initial Capacity: 60M
 Heap Max Capacity: 4608M
 Pre-touch: Disabled
 Parallel Workers: 4
 Concurrent Workers: 1
 Concurrent Refinement Workers: 4
 Periodic GC: Disabled

Heap:
 garbage-first heap   total 1073152K, used 631244K [0x00000006e0000000, 0x0000000800000000)
  region size 4096K, 57 young (233472K), 7 survivors (28672K)
 Metaspace       used 105994K, capacity 112178K, committed 113992K, reserved 1148928K
  class space    used 12891K, capacity 14269K, committed 15000K, reserved 1048576K

Heap Regions: E=young(eden), S=young(survivor), O=old, HS=humongous(starts), HC=humongous(continues), CS=collection set, F=free, OA=open archive, CA=closed archive, TAMS=top-at-mark-start (previous, next)
|   0|0x00000006e0000000, 0x00000006e0400000, 0x00000006e0400000|100%|HS|  |TAMS 0x00000006e0400000, 0x00000006e0000000| Complete 
|   1|0x00000006e0400000, 0x00000006e0800000, 0x00000006e0800000|100%| O|  |TAMS 0x00000006e0800000, 0x00000006e0400000| Updating 
|   2|0x00000006e0800000, 0x00000006e0c00000, 0x00000006e0c00000|100%| O|  |TAMS 0x00000006e0c00000, 0x00000006e0800000| Updating 
|   3|0x00000006e0c00000, 0x00000006e1000000, 0x00000006e1000000|100%| O|  |TAMS 0x00000006e1000000, 0x00000006e0c00000| Updating 
|   4|0x00000006e1000000, 0x00000006e1400000, 0x00000006e1400000|100%| O|  |TAMS 0x00000006e1400000, 0x00000006e1000000| Updating 
|   5|0x00000006e1400000, 0x00000006e1800000, 0x00000006e1800000|100%| O|  |TAMS 0x00000006e1800000, 0x00000006e1400000| Updating 
|   6|0x00000006e1800000, 0x00000006e1c00000, 0x00000006e1c00000|100%| O|  |TAMS 0x00000006e1c00000, 0x00000006e1800000| Updating 
|   7|0x00000006e1c00000, 0x00000006e2000000, 0x00000006e2000000|100%| O|  |TAMS 0x00000006e2000000, 0x00000006e1c00000| Updating 
|   8|0x00000006e2000000, 0x00000006e2400000, 0x00000006e2400000|100%| O|  |TAMS 0x00000006e2400000, 0x00000006e2000000| Updating 
|   9|0x00000006e2400000, 0x00000006e2800000, 0x00000006e2800000|100%| O|  |TAMS 0x00000006e2800000, 0x00000006e2400000| Updating 
|  10|0x00000006e2800000, 0x00000006e2c00000, 0x00000006e2c00000|100%| O|  |TAMS 0x00000006e2c00000, 0x00000006e2800000| Updating 
|  11|0x00000006e2c00000, 0x00000006e3000000, 0x00000006e3000000|100%| O|  |TAMS 0x00000006e3000000, 0x00000006e2c00000| Updating 
|  12|0x00000006e3000000, 0x00000006e3400000, 0x00000006e3400000|100%| O|  |TAMS 0x00000006e3400000, 0x00000006e3000000| Updating 
|  13|0x00000006e3400000, 0x00000006e3800000, 0x00000006e3800000|100%| O|  |TAMS 0x00000006e3800000, 0x00000006e3400000| Updating 
|  14|0x00000006e3800000, 0x00000006e3c00000, 0x00000006e3c00000|100%| O|  |TAMS 0x00000006e3c00000, 0x00000006e3800000| Updating 
|  15|0x00000006e3c00000, 0x00000006e4000000, 0x00000006e4000000|100%| O|  |TAMS 0x00000006e4000000, 0x00000006e3c00000| Updating 
|  16|0x00000006e4000000, 0x00000006e4400000, 0x00000006e4400000|100%| O|  |TAMS 0x00000006e4400000, 0x00000006e4000000| Updating 
|  17|0x00000006e4400000, 0x00000006e4800000, 0x00000006e4800000|100%| O|  |TAMS 0x00000006e4800000, 0x00000006e4400000| Updating 
|  18|0x00000006e4800000, 0x00000006e4c00000, 0x00000006e4c00000|100%|HS|  |TAMS 0x00000006e4c00000, 0x00000006e4800000| Complete 
|  19|0x00000006e4c00000, 0x00000006e5000000, 0x00000006e5000000|100%| O|  |TAMS 0x00000006e5000000, 0x00000006e4c00000| Updating 
|  20|0x00000006e5000000, 0x00000006e5400000, 0x00000006e5400000|100%| O|  |TAMS 0x00000006e5400000, 0x00000006e5000000| Updating 
|  21|0x00000006e5400000, 0x00000006e5800000, 0x00000006e5800000|100%| O|  |TAMS 0x00000006e5800000, 0x00000006e5400000| Updating 
|  22|0x00000006e5800000, 0x00000006e5c00000, 0x00000006e5c00000|100%| O|  |TAMS 0x00000006e5c00000, 0x00000006e5800000| Updating 
|  23|0x00000006e5c00000, 0x00000006e6000000, 0x00000006e6000000|100%| O|  |TAMS 0x00000006e6000000, 0x00000006e5c00000| Updating 
|  24|0x00000006e6000000, 0x00000006e6400000, 0x00000006e6400000|100%| O|  |TAMS 0x00000006e6400000, 0x00000006e6000000| Updating 
|  25|0x00000006e6400000, 0x00000006e6800000, 0x00000006e6800000|100%| O|  |TAMS 0x00000006e6800000, 0x00000006e6400000| Updating 
|  26|0x00000006e6800000, 0x00000006e6c00000, 0x00000006e6c00000|100%| O|  |TAMS 0x00000006e6c00000, 0x00000006e6800000| Updating 
|  27|0x00000006e6c00000, 0x00000006e7000000, 0x00000006e7000000|100%| O|  |TAMS 0x00000006e7000000, 0x00000006e6c00000| Updating 
|  28|0x00000006e7000000, 0x00000006e7400000, 0x00000006e7400000|100%| O|  |TAMS 0x00000006e7400000, 0x00000006e7000000| Updating 
|  29|0x00000006e7400000, 0x00000006e7800000, 0x00000006e7800000|100%| O|  |TAMS 0x00000006e7800000, 0x00000006e7400000| Updating 
|  30|0x00000006e7800000, 0x00000006e7c00000, 0x00000006e7c00000|100%|HS|  |TAMS 0x00000006e7c00000, 0x00000006e7800000| Complete 
|  31|0x00000006e7c00000, 0x00000006e8000000, 0x00000006e8000000|100%| O|  |TAMS 0x00000006e8000000, 0x00000006e7c00000| Updating 
|  32|0x00000006e8000000, 0x00000006e8400000, 0x00000006e8400000|100%| O|  |TAMS 0x00000006e8400000, 0x00000006e8000000| Updating 
|  33|0x00000006e8400000, 0x00000006e8800000, 0x00000006e8800000|100%| O|  |TAMS 0x00000006e8800000, 0x00000006e8400000| Updating 
|  34|0x00000006e8800000, 0x00000006e8c00000, 0x00000006e8c00000|100%| O|  |TAMS 0x00000006e8c00000, 0x00000006e8800000| Updating 
|  35|0x00000006e8c00000, 0x00000006e9000000, 0x00000006e9000000|100%| O|  |TAMS 0x00000006e9000000, 0x00000006e8c00000| Updating 
|  36|0x00000006e9000000, 0x00000006e9400000, 0x00000006e9400000|100%| O|  |TAMS 0x00000006e9400000, 0x00000006e9000000| Updating 
|  37|0x00000006e9400000, 0x00000006e9800000, 0x00000006e9800000|100%| O|  |TAMS 0x00000006e9800000, 0x00000006e9400000| Updating 
|  38|0x00000006e9800000, 0x00000006e9c00000, 0x00000006e9c00000|100%| O|  |TAMS 0x00000006e9c00000, 0x00000006e9800000| Updating 
|  39|0x00000006e9c00000, 0x00000006ea000000, 0x00000006ea000000|100%| O|  |TAMS 0x00000006ea000000, 0x00000006e9c00000| Updating 
|  40|0x00000006ea000000, 0x00000006ea400000, 0x00000006ea400000|100%| O|  |TAMS 0x00000006ea400000, 0x00000006ea000000| Updating 
|  41|0x00000006ea400000, 0x00000006ea800000, 0x00000006ea800000|100%| O|  |TAMS 0x00000006ea800000, 0x00000006ea400000| Updating 
|  42|0x00000006ea800000, 0x00000006eac00000, 0x00000006eac00000|100%| O|  |TAMS 0x00000006eac00000, 0x00000006ea800000| Updating 
|  43|0x00000006eac00000, 0x00000006eb000000, 0x00000006eb000000|100%| O|  |TAMS 0x00000006eb000000, 0x00000006eac00000| Updating 
|  44|0x00000006eb000000, 0x00000006eb400000, 0x00000006eb400000|100%| O|  |TAMS 0x00000006eb400000, 0x00000006eb000000| Updating 
|  45|0x00000006eb400000, 0x00000006eb800000, 0x00000006eb800000|100%| O|  |TAMS 0x00000006eb800000, 0x00000006eb400000| Updating 
|  46|0x00000006eb800000, 0x00000006ebc00000, 0x00000006ebc00000|100%|HS|  |TAMS 0x00000006eb800000, 0x00000006eb800000| Complete 
|  47|0x00000006ebc00000, 0x00000006ec000000, 0x00000006ec000000|100%|HC|  |TAMS 0x00000006ebc00000, 0x00000006ebc00000| Complete 
|  48|0x00000006ec000000, 0x00000006ec400000, 0x00000006ec400000|100%|HC|  |TAMS 0x00000006ec000000, 0x00000006ec000000| Complete 
|  49|0x00000006ec400000, 0x00000006ec800000, 0x00000006ec800000|100%|HS|  |TAMS 0x00000006ec400000, 0x00000006ec400000| Complete 
|  50|0x00000006ec800000, 0x00000006ecc00000, 0x00000006ecc00000|100%|HC|  |TAMS 0x00000006ec800000, 0x00000006ec800000| Complete 
|  51|0x00000006ecc00000, 0x00000006ed000000, 0x00000006ed000000|100%|HC|  |TAMS 0x00000006ecc00000, 0x00000006ecc00000| Complete 
|  52|0x00000006ed000000, 0x00000006ed400000, 0x00000006ed400000|100%|HC|  |TAMS 0x00000006ed000000, 0x00000006ed000000| Complete 
|  53|0x00000006ed400000, 0x00000006ed800000, 0x00000006ed800000|100%|HC|  |TAMS 0x00000006ed400000, 0x00000006ed400000| Complete 
|  54|0x00000006ed800000, 0x00000006edc00000, 0x00000006edc00000|100%| O|  |TAMS 0x00000006edc00000, 0x00000006ed800000| Updating 
|  55|0x00000006edc00000, 0x00000006ee000000, 0x00000006ee000000|100%| O|  |TAMS 0x00000006ee000000, 0x00000006edc00000| Updating 
|  56|0x00000006ee000000, 0x00000006ee400000, 0x00000006ee400000|100%| O|  |TAMS 0x00000006ee400000, 0x00000006ee000000| Updating 
|  57|0x00000006ee400000, 0x00000006ee800000, 0x00000006ee800000|100%| O|  |TAMS 0x00000006ee800000, 0x00000006ee400000| Updating 
|  58|0x00000006ee800000, 0x00000006eec00000, 0x00000006eec00000|100%| O|  |TAMS 0x00000006eec00000, 0x00000006ee800000| Updating 
|  59|0x00000006eec00000, 0x00000006ef000000, 0x00000006ef000000|100%| O|  |TAMS 0x00000006ef000000, 0x00000006eec00000| Updating 
|  60|0x00000006ef000000, 0x00000006ef400000, 0x00000006ef400000|100%| O|  |TAMS 0x00000006ef400000, 0x00000006ef000000| Updating 
|  61|0x00000006ef400000, 0x00000006ef800000, 0x00000006ef800000|100%|HS|  |TAMS 0x00000006ef400000, 0x00000006ef400000| Complete 
|  62|0x00000006ef800000, 0x00000006efc00000, 0x00000006efc00000|100%|HC|  |TAMS 0x00000006ef800000, 0x00000006ef800000| Complete 
|  63|0x00000006efc00000, 0x00000006f0000000, 0x00000006f0000000|100%|HC|  |TAMS 0x00000006efc00000, 0x00000006efc00000| Complete 
|  64|0x00000006f0000000, 0x00000006f0400000, 0x00000006f0400000|100%|HS|  |TAMS 0x00000006f0000000, 0x00000006f0000000| Complete 
|  65|0x00000006f0400000, 0x00000006f0800000, 0x00000006f0800000|100%|HS|  |TAMS 0x00000006f0400000, 0x00000006f0400000| Complete 
|  66|0x00000006f0800000, 0x00000006f0c00000, 0x00000006f0c00000|100%|HC|  |TAMS 0x00000006f0800000, 0x00000006f0800000| Complete 
|  67|0x00000006f0c00000, 0x00000006f1000000, 0x00000006f1000000|100%|HS|  |TAMS 0x00000006f0c00000, 0x00000006f0c00000| Complete 
|  68|0x00000006f1000000, 0x00000006f1400000, 0x00000006f1400000|100%|HC|  |TAMS 0x00000006f1000000, 0x00000006f1000000| Complete 
|  69|0x00000006f1400000, 0x00000006f1800000, 0x00000006f1800000|100%|HC|  |TAMS 0x00000006f1400000, 0x00000006f1400000| Complete 
|  70|0x00000006f1800000, 0x00000006f1c00000, 0x00000006f1c00000|100%|HS|  |TAMS 0x00000006f1800000, 0x00000006f1800000| Complete 
|  71|0x00000006f1c00000, 0x00000006f2000000, 0x00000006f2000000|100%| O|  |TAMS 0x00000006f2000000, 0x00000006f1c00000| Updating 
|  72|0x00000006f2000000, 0x00000006f2400000, 0x00000006f2400000|100%|HS|  |TAMS 0x00000006f2000000, 0x00000006f2000000| Complete 
|  73|0x00000006f2400000, 0x00000006f2800000, 0x00000006f2800000|100%|HC|  |TAMS 0x00000006f2400000, 0x00000006f2400000| Complete 
|  74|0x00000006f2800000, 0x00000006f2c00000, 0x00000006f2c00000|100%|HC|  |TAMS 0x00000006f2800000, 0x00000006f2800000| Complete 
|  75|0x00000006f2c00000, 0x00000006f3000000, 0x00000006f3000000|100%|HC|  |TAMS 0x00000006f2c00000, 0x00000006f2c00000| Complete 
|  76|0x00000006f3000000, 0x00000006f3400000, 0x00000006f3400000|100%|HC|  |TAMS 0x00000006f3000000, 0x00000006f3000000| Complete 
|  77|0x00000006f3400000, 0x00000006f3800000, 0x00000006f3800000|100%|HS|  |TAMS 0x00000006f3400000, 0x00000006f3400000| Complete 
|  78|0x00000006f3800000, 0x00000006f3c00000, 0x00000006f3c00000|100%|HC|  |TAMS 0x00000006f3800000, 0x00000006f3800000| Complete 
|  79|0x00000006f3c00000, 0x00000006f4000000, 0x00000006f4000000|100%|HC|  |TAMS 0x00000006f3c00000, 0x00000006f3c00000| Complete 
|  80|0x00000006f4000000, 0x00000006f4400000, 0x00000006f4400000|100%|HS|  |TAMS 0x00000006f4000000, 0x00000006f4000000| Complete 
|  81|0x00000006f4400000, 0x00000006f4800000, 0x00000006f4800000|100%|HC|  |TAMS 0x00000006f4400000, 0x00000006f4400000| Complete 
|  82|0x00000006f4800000, 0x00000006f4c00000, 0x00000006f4c00000|100%|HS|  |TAMS 0x00000006f4c00000, 0x00000006f4800000| Complete 
|  83|0x00000006f4c00000, 0x00000006f5000000, 0x00000006f5000000|100%|HC|  |TAMS 0x00000006f5000000, 0x00000006f4c00000| Complete 
|  84|0x00000006f5000000, 0x00000006f5400000, 0x00000006f5400000|100%|HC|  |TAMS 0x00000006f5400000, 0x00000006f5000000| Complete 
|  85|0x00000006f5400000, 0x00000006f54daa00, 0x00000006f5800000| 21%| O|  |TAMS 0x00000006f5400000, 0x00000006f5400000| Updating 
|  86|0x00000006f5800000, 0x00000006f5c00000, 0x00000006f5c00000|100%| O|  |TAMS 0x00000006f5bfca00, 0x00000006f5800000| Updating 
|  87|0x00000006f5c00000, 0x00000006f6000000, 0x00000006f6000000|100%|HS|  |TAMS 0x00000006f6000000, 0x00000006f5c00000| Complete 
|  88|0x00000006f6000000, 0x00000006f6400000, 0x00000006f6400000|100%|HC|  |TAMS 0x00000006f6400000, 0x00000006f6000000| Complete 
|  89|0x00000006f6400000, 0x00000006f6800000, 0x00000006f6800000|100%|HS|  |TAMS 0x00000006f6400000, 0x00000006f6400000| Complete 
|  90|0x00000006f6800000, 0x00000006f6c00000, 0x00000006f6c00000|100%|HC|  |TAMS 0x00000006f6800000, 0x00000006f6800000| Complete 
|  91|0x00000006f6c00000, 0x00000006f7000000, 0x00000006f7000000|100%|HC|  |TAMS 0x00000006f6c00000, 0x00000006f6c00000| Complete 
|  92|0x00000006f7000000, 0x00000006f7400000, 0x00000006f7400000|100%|HS|  |TAMS 0x00000006f7000000, 0x00000006f7000000| Complete 
|  93|0x00000006f7400000, 0x00000006f7800000, 0x00000006f7800000|100%|HC|  |TAMS 0x00000006f7400000, 0x00000006f7400000| Complete 
|  94|0x00000006f7800000, 0x00000006f7c00000, 0x00000006f7c00000|100%|HC|  |TAMS 0x00000006f7800000, 0x00000006f7800000| Complete 
|  95|0x00000006f7c00000, 0x00000006f8000000, 0x00000006f8000000|100%|HC|  |TAMS 0x00000006f7c00000, 0x00000006f7c00000| Complete 
|  96|0x00000006f8000000, 0x00000006f8400000, 0x00000006f8400000|100%|HC|  |TAMS 0x00000006f8000000, 0x00000006f8000000| Complete 
|  97|0x00000006f8400000, 0x00000006f8800000, 0x00000006f8800000|100%|HS|  |TAMS 0x00000006f8400000, 0x00000006f8400000| Complete 
|  98|0x00000006f8800000, 0x00000006f8c00000, 0x00000006f8c00000|100%|HC|  |TAMS 0x00000006f8800000, 0x00000006f8800000| Complete 
|  99|0x00000006f8c00000, 0x00000006f9000000, 0x00000006f9000000|100%|HC|  |TAMS 0x00000006f8c00000, 0x00000006f8c00000| Complete 
| 100|0x00000006f9000000, 0x00000006f9000000, 0x00000006f9400000|  0%| F|  |TAMS 0x00000006f9000000, 0x00000006f9000000| Untracked 
| 101|0x00000006f9400000, 0x00000006f9400000, 0x00000006f9800000|  0%| F|  |TAMS 0x00000006f9400000, 0x00000006f9400000| Untracked 
| 102|0x00000006f9800000, 0x00000006f9800000, 0x00000006f9c00000|  0%| F|  |TAMS 0x00000006f9800000, 0x00000006f9800000| Untracked 
| 103|0x00000006f9c00000, 0x00000006f9c00000, 0x00000006fa000000|  0%| F|  |TAMS 0x00000006f9c00000, 0x00000006f9c00000| Untracked 
| 104|0x00000006fa000000, 0x00000006fa000000, 0x00000006fa400000|  0%| F|  |TAMS 0x00000006fa000000, 0x00000006fa000000| Untracked 
| 105|0x00000006fa400000, 0x00000006fa400000, 0x00000006fa800000|  0%| F|  |TAMS 0x00000006fa400000, 0x00000006fa400000| Untracked 
| 106|0x00000006fa800000, 0x00000006fa800000, 0x00000006fac00000|  0%| F|  |TAMS 0x00000006fa800000, 0x00000006fa800000| Untracked 
| 107|0x00000006fac00000, 0x00000006fac00000, 0x00000006fb000000|  0%| F|  |TAMS 0x00000006fac00000, 0x00000006fac00000| Untracked 
| 108|0x00000006fb000000, 0x00000006fb000000, 0x00000006fb400000|  0%| F|  |TAMS 0x00000006fb000000, 0x00000006fb000000| Untracked 
| 109|0x00000006fb400000, 0x00000006fb400000, 0x00000006fb800000|  0%| F|  |TAMS 0x00000006fb400000, 0x00000006fb400000| Untracked 
| 110|0x00000006fb800000, 0x00000006fb800000, 0x00000006fbc00000|  0%| F|  |TAMS 0x00000006fb800000, 0x00000006fb800000| Untracked 
| 111|0x00000006fbc00000, 0x00000006fbc00000, 0x00000006fc000000|  0%| F|  |TAMS 0x00000006fbc00000, 0x00000006fbc00000| Untracked 
| 112|0x00000006fc000000, 0x00000006fc000000, 0x00000006fc400000|  0%| F|  |TAMS 0x00000006fc000000, 0x00000006fc000000| Untracked 
| 113|0x00000006fc400000, 0x00000006fc400000, 0x00000006fc800000|  0%| F|  |TAMS 0x00000006fc400000, 0x00000006fc400000| Untracked 
| 114|0x00000006fc800000, 0x00000006fc800000, 0x00000006fcc00000|  0%| F|  |TAMS 0x00000006fc800000, 0x00000006fc800000| Untracked 
| 115|0x00000006fcc00000, 0x00000006fcc00000, 0x00000006fd000000|  0%| F|  |TAMS 0x00000006fcc00000, 0x00000006fcc00000| Untracked 
| 116|0x00000006fd000000, 0x00000006fd000000, 0x00000006fd400000|  0%| F|  |TAMS 0x00000006fd000000, 0x00000006fd000000| Untracked 
| 117|0x00000006fd400000, 0x00000006fd400000, 0x00000006fd800000|  0%| F|  |TAMS 0x00000006fd400000, 0x00000006fd400000| Untracked 
| 118|0x00000006fd800000, 0x00000006fd800000, 0x00000006fdc00000|  0%| F|  |TAMS 0x00000006fd800000, 0x00000006fd800000| Untracked 
| 119|0x00000006fdc00000, 0x00000006fdc00000, 0x00000006fe000000|  0%| F|  |TAMS 0x00000006fdc00000, 0x00000006fdc00000| Untracked 
| 120|0x00000006fe000000, 0x00000006fe000000, 0x00000006fe400000|  0%| F|  |TAMS 0x00000006fe000000, 0x00000006fe000000| Untracked 
| 121|0x00000006fe400000, 0x00000006fe400000, 0x00000006fe800000|  0%| F|  |TAMS 0x00000006fe400000, 0x00000006fe400000| Untracked 
| 122|0x00000006fe800000, 0x00000006fe800000, 0x00000006fec00000|  0%| F|  |TAMS 0x00000006fe800000, 0x00000006fe800000| Untracked 
| 123|0x00000006fec00000, 0x00000006fec00000, 0x00000006ff000000|  0%| F|  |TAMS 0x00000006fec00000, 0x00000006fec00000| Untracked 
| 124|0x00000006ff000000, 0x00000006ff000000, 0x00000006ff400000|  0%| F|  |TAMS 0x00000006ff000000, 0x00000006ff000000| Untracked 
| 125|0x00000006ff400000, 0x00000006ff400000, 0x00000006ff800000|  0%| F|  |TAMS 0x00000006ff400000, 0x00000006ff400000| Untracked 
| 126|0x00000006ff800000, 0x00000006ff800000, 0x00000006ffc00000|  0%| F|  |TAMS 0x00000006ff800000, 0x00000006ff800000| Untracked 
| 127|0x00000006ffc00000, 0x00000006ffc00000, 0x0000000700000000|  0%| F|  |TAMS 0x00000006ffc00000, 0x00000006ffc00000| Untracked 
| 128|0x0000000700000000, 0x0000000700000000, 0x0000000700400000|  0%| F|  |TAMS 0x0000000700000000, 0x0000000700000000| Untracked 
| 129|0x0000000700400000, 0x0000000700798808, 0x0000000700800000| 89%| S|CS|TAMS 0x0000000700400000, 0x0000000700400000| Complete 
| 130|0x0000000700800000, 0x0000000700c00000, 0x0000000700c00000|100%| S|CS|TAMS 0x0000000700800000, 0x0000000700800000| Complete 
| 131|0x0000000700c00000, 0x0000000701000000, 0x0000000701000000|100%| S|CS|TAMS 0x0000000700c00000, 0x0000000700c00000| Complete 
| 132|0x0000000701000000, 0x0000000701400000, 0x0000000701400000|100%| S|CS|TAMS 0x0000000701000000, 0x0000000701000000| Complete 
| 133|0x0000000701400000, 0x0000000701800000, 0x0000000701800000|100%| S|CS|TAMS 0x0000000701400000, 0x0000000701400000| Complete 
| 134|0x0000000701800000, 0x0000000701c00000, 0x0000000701c00000|100%| S|CS|TAMS 0x0000000701800000, 0x0000000701800000| Complete 
| 135|0x0000000701c00000, 0x0000000702000000, 0x0000000702000000|100%| S|CS|TAMS 0x0000000701c00000, 0x0000000701c00000| Complete 
| 136|0x0000000702000000, 0x0000000702000000, 0x0000000702400000|  0%| F|  |TAMS 0x0000000702000000, 0x0000000702000000| Untracked 
| 137|0x0000000702400000, 0x0000000702400000, 0x0000000702800000|  0%| F|  |TAMS 0x0000000702400000, 0x0000000702400000| Untracked 
| 138|0x0000000702800000, 0x0000000702800000, 0x0000000702c00000|  0%| F|  |TAMS 0x0000000702800000, 0x0000000702800000| Untracked 
| 139|0x0000000702c00000, 0x0000000702c00000, 0x0000000703000000|  0%| F|  |TAMS 0x0000000702c00000, 0x0000000702c00000| Untracked 
| 140|0x0000000703000000, 0x0000000703000000, 0x0000000703400000|  0%| F|  |TAMS 0x0000000703000000, 0x0000000703000000| Untracked 
| 141|0x0000000703400000, 0x0000000703400000, 0x0000000703800000|  0%| F|  |TAMS 0x0000000703400000, 0x0000000703400000| Untracked 
| 142|0x0000000703800000, 0x0000000703800000, 0x0000000703c00000|  0%| F|  |TAMS 0x0000000703800000, 0x0000000703800000| Untracked 
| 143|0x0000000703c00000, 0x0000000703c00000, 0x0000000704000000|  0%| F|  |TAMS 0x0000000703c00000, 0x0000000703c00000| Untracked 
| 144|0x0000000704000000, 0x0000000704000000, 0x0000000704400000|  0%| F|  |TAMS 0x0000000704000000, 0x0000000704000000| Untracked 
| 145|0x0000000704400000, 0x0000000704400000, 0x0000000704800000|  0%| F|  |TAMS 0x0000000704400000, 0x0000000704400000| Untracked 
| 146|0x0000000704800000, 0x0000000704800000, 0x0000000704c00000|  0%| F|  |TAMS 0x0000000704800000, 0x0000000704800000| Untracked 
| 147|0x0000000704c00000, 0x0000000704c00000, 0x0000000705000000|  0%| F|  |TAMS 0x0000000704c00000, 0x0000000704c00000| Untracked 
| 148|0x0000000705000000, 0x0000000705000000, 0x0000000705400000|  0%| F|  |TAMS 0x0000000705000000, 0x0000000705000000| Untracked 
| 149|0x0000000705400000, 0x0000000705400000, 0x0000000705800000|  0%| F|  |TAMS 0x0000000705400000, 0x0000000705400000| Untracked 
| 150|0x0000000705800000, 0x0000000705800000, 0x0000000705c00000|  0%| F|  |TAMS 0x0000000705800000, 0x0000000705800000| Untracked 
| 151|0x0000000705c00000, 0x0000000705c00000, 0x0000000706000000|  0%| F|  |TAMS 0x0000000705c00000, 0x0000000705c00000| Untracked 
| 152|0x0000000706000000, 0x0000000706000000, 0x0000000706400000|  0%| F|  |TAMS 0x0000000706000000, 0x0000000706000000| Untracked 
| 153|0x0000000706400000, 0x00000007067e0920, 0x0000000706800000| 96%| E|  |TAMS 0x0000000706400000, 0x0000000706400000| Complete 
| 154|0x0000000706800000, 0x0000000706c00000, 0x0000000706c00000|100%| E|CS|TAMS 0x0000000706800000, 0x0000000706800000| Complete 
| 155|0x0000000706c00000, 0x0000000707000000, 0x0000000707000000|100%| E|CS|TAMS 0x0000000706c00000, 0x0000000706c00000| Complete 
| 156|0x0000000707000000, 0x0000000707400000, 0x0000000707400000|100%| E|CS|TAMS 0x0000000707000000, 0x0000000707000000| Complete 
| 157|0x0000000707400000, 0x0000000707800000, 0x0000000707800000|100%| E|CS|TAMS 0x0000000707400000, 0x0000000707400000| Complete 
| 158|0x0000000707800000, 0x0000000707c00000, 0x0000000707c00000|100%| E|CS|TAMS 0x0000000707800000, 0x0000000707800000| Complete 
| 159|0x0000000707c00000, 0x0000000708000000, 0x0000000708000000|100%| E|CS|TAMS 0x0000000707c00000, 0x0000000707c00000| Complete 
| 160|0x0000000708000000, 0x0000000708400000, 0x0000000708400000|100%| E|CS|TAMS 0x0000000708000000, 0x0000000708000000| Complete 
| 161|0x0000000708400000, 0x0000000708800000, 0x0000000708800000|100%| E|CS|TAMS 0x0000000708400000, 0x0000000708400000| Complete 
| 162|0x0000000708800000, 0x0000000708c00000, 0x0000000708c00000|100%| E|CS|TAMS 0x0000000708800000, 0x0000000708800000| Complete 
| 163|0x0000000708c00000, 0x0000000709000000, 0x0000000709000000|100%| E|CS|TAMS 0x0000000708c00000, 0x0000000708c00000| Complete 
| 164|0x0000000709000000, 0x0000000709400000, 0x0000000709400000|100%| E|CS|TAMS 0x0000000709000000, 0x0000000709000000| Complete 
| 165|0x0000000709400000, 0x0000000709800000, 0x0000000709800000|100%| E|CS|TAMS 0x0000000709400000, 0x0000000709400000| Complete 
| 166|0x0000000709800000, 0x0000000709c00000, 0x0000000709c00000|100%| E|CS|TAMS 0x0000000709800000, 0x0000000709800000| Complete 
| 167|0x0000000709c00000, 0x000000070a000000, 0x000000070a000000|100%| E|CS|TAMS 0x0000000709c00000, 0x0000000709c00000| Complete 
| 168|0x000000070a000000, 0x000000070a400000, 0x000000070a400000|100%| E|CS|TAMS 0x000000070a000000, 0x000000070a000000| Complete 
| 169|0x000000070a400000, 0x000000070a800000, 0x000000070a800000|100%| E|CS|TAMS 0x000000070a400000, 0x000000070a400000| Complete 
| 170|0x000000070a800000, 0x000000070ac00000, 0x000000070ac00000|100%| E|CS|TAMS 0x000000070a800000, 0x000000070a800000| Complete 
| 171|0x000000070ac00000, 0x000000070b000000, 0x000000070b000000|100%| E|CS|TAMS 0x000000070ac00000, 0x000000070ac00000| Complete 
| 172|0x000000070b000000, 0x000000070b400000, 0x000000070b400000|100%| E|CS|TAMS 0x000000070b000000, 0x000000070b000000| Complete 
| 173|0x000000070b400000, 0x000000070b800000, 0x000000070b800000|100%| E|CS|TAMS 0x000000070b400000, 0x000000070b400000| Complete 
| 174|0x000000070b800000, 0x000000070bc00000, 0x000000070bc00000|100%| E|CS|TAMS 0x000000070b800000, 0x000000070b800000| Complete 
| 175|0x000000070bc00000, 0x000000070c000000, 0x000000070c000000|100%| E|CS|TAMS 0x000000070bc00000, 0x000000070bc00000| Complete 
| 176|0x000000070c000000, 0x000000070c400000, 0x000000070c400000|100%| E|CS|TAMS 0x000000070c000000, 0x000000070c000000| Complete 
| 177|0x000000070c400000, 0x000000070c800000, 0x000000070c800000|100%| E|CS|TAMS 0x000000070c400000, 0x000000070c400000| Complete 
| 178|0x000000070c800000, 0x000000070cc00000, 0x000000070cc00000|100%| E|CS|TAMS 0x000000070c800000, 0x000000070c800000| Complete 
| 179|0x000000070cc00000, 0x000000070d000000, 0x000000070d000000|100%| E|CS|TAMS 0x000000070cc00000, 0x000000070cc00000| Complete 
| 180|0x000000070d000000, 0x000000070d400000, 0x000000070d400000|100%| E|CS|TAMS 0x000000070d000000, 0x000000070d000000| Complete 
| 181|0x000000070d400000, 0x000000070d800000, 0x000000070d800000|100%| E|CS|TAMS 0x000000070d400000, 0x000000070d400000| Complete 
| 182|0x000000070d800000, 0x000000070dc00000, 0x000000070dc00000|100%| E|CS|TAMS 0x000000070d800000, 0x000000070d800000| Complete 
| 183|0x000000070dc00000, 0x000000070e000000, 0x000000070e000000|100%| E|CS|TAMS 0x000000070dc00000, 0x000000070dc00000| Complete 
| 184|0x000000070e000000, 0x000000070e400000, 0x000000070e400000|100%| E|CS|TAMS 0x000000070e000000, 0x000000070e000000| Complete 
| 185|0x000000070e400000, 0x000000070e800000, 0x000000070e800000|100%| E|CS|TAMS 0x000000070e400000, 0x000000070e400000| Complete 
| 186|0x000000070e800000, 0x000000070ec00000, 0x000000070ec00000|100%| E|CS|TAMS 0x000000070e800000, 0x000000070e800000| Complete 
| 187|0x000000070ec00000, 0x000000070f000000, 0x000000070f000000|100%| E|CS|TAMS 0x000000070ec00000, 0x000000070ec00000| Complete 
| 188|0x000000070f000000, 0x000000070f400000, 0x000000070f400000|100%| E|CS|TAMS 0x000000070f000000, 0x000000070f000000| Complete 
| 189|0x000000070f400000, 0x000000070f800000, 0x000000070f800000|100%| E|CS|TAMS 0x000000070f400000, 0x000000070f400000| Complete 
| 190|0x000000070f800000, 0x000000070fc00000, 0x000000070fc00000|100%| E|CS|TAMS 0x000000070f800000, 0x000000070f800000| Complete 
| 191|0x000000070fc00000, 0x0000000710000000, 0x0000000710000000|100%| E|CS|TAMS 0x000000070fc00000, 0x000000070fc00000| Complete 
| 192|0x0000000710000000, 0x0000000710400000, 0x0000000710400000|100%| E|CS|TAMS 0x0000000710000000, 0x0000000710000000| Complete 
| 193|0x0000000710400000, 0x0000000710800000, 0x0000000710800000|100%| E|CS|TAMS 0x0000000710400000, 0x0000000710400000| Complete 
| 194|0x0000000710800000, 0x0000000710c00000, 0x0000000710c00000|100%| E|CS|TAMS 0x0000000710800000, 0x0000000710800000| Complete 
| 195|0x0000000710c00000, 0x0000000711000000, 0x0000000711000000|100%| E|CS|TAMS 0x0000000710c00000, 0x0000000710c00000| Complete 
| 196|0x0000000711000000, 0x0000000711400000, 0x0000000711400000|100%| E|CS|TAMS 0x0000000711000000, 0x0000000711000000| Complete 
| 197|0x0000000711400000, 0x0000000711800000, 0x0000000711800000|100%| E|CS|TAMS 0x0000000711400000, 0x0000000711400000| Complete 
| 198|0x0000000711800000, 0x0000000711c00000, 0x0000000711c00000|100%| E|CS|TAMS 0x0000000711800000, 0x0000000711800000| Complete 
| 199|0x0000000711c00000, 0x0000000712000000, 0x0000000712000000|100%| E|CS|TAMS 0x0000000711c00000, 0x0000000711c00000| Complete 
| 200|0x0000000712000000, 0x0000000712400000, 0x0000000712400000|100%| E|  |TAMS 0x0000000712000000, 0x0000000712000000| Complete 
| 201|0x0000000712400000, 0x0000000712800000, 0x0000000712800000|100%| E|CS|TAMS 0x0000000712400000, 0x0000000712400000| Complete 
| 202|0x0000000712800000, 0x0000000712c00000, 0x0000000712c00000|100%| E|CS|TAMS 0x0000000712800000, 0x0000000712800000| Complete 

Card table byte_map: [0x000002d6b3d90000,0x000002d6b4690000] _byte_map_base: 0x000002d6b0690000

Marking Bits (Prev, Next): (CMBitMap*) 0x000002d69c2bdaf0, (CMBitMap*) 0x000002d69c2bdab0
 Prev Bits: [0x000002d6b9790000, 0x000002d6bdf90000)
 Next Bits: [0x000002d6b4f90000, 0x000002d6b9790000)

Polling page: 0x000002d69a240000

Metaspace:

Usage:
  Non-class:     95.61 MB capacity,    90.92 MB ( 95%) used,     4.47 MB (  5%) free+waste,   225.62 KB ( <1%) overhead. 
      Class:     13.93 MB capacity,    12.59 MB ( 90%) used,     1.24 MB (  9%) free+waste,   102.75 KB ( <1%) overhead. 
       Both:    109.55 MB capacity,   103.51 MB ( 94%) used,     5.72 MB (  5%) free+waste,   328.38 KB ( <1%) overhead. 

Virtual space:
  Non-class space:       98.00 MB reserved,      96.67 MB ( 99%) committed 
      Class space:        1.00 GB reserved,      14.65 MB (  1%) committed 
             Both:        1.10 GB reserved,     111.32 MB ( 10%) committed 

Chunk freelists:
   Non-Class:  1019.00 KB
       Class:  643.00 KB
        Both:  1.62 MB

MaxMetaspaceSize: 17179869184.00 GB
CompressedClassSpaceSize: 1.00 GB

CodeHeap 'non-profiled nmethods': size=120000Kb used=14879Kb max_used=14879Kb free=105120Kb
 bounds [0x000002d6abf60000, 0x000002d6acdf0000, 0x000002d6b3490000]
CodeHeap 'profiled nmethods': size=120000Kb used=39589Kb max_used=40354Kb free=80410Kb
 bounds [0x000002d6a4a30000, 0x000002d6a71a0000, 0x000002d6abf60000]
CodeHeap 'non-nmethods': size=5760Kb used=2465Kb max_used=2541Kb free=3294Kb
 bounds [0x000002d6a4490000, 0x000002d6a4720000, 0x000002d6a4a30000]
 total_blobs=21565 nmethods=20612 adapters=862
 compilation: enabled
              stopped_count=0, restarted_count=0
 full_count=0

Compilation events (20 events):
Event: 148.719 Thread 0x000002d6c0496c00 nmethod 26227 0x000002d6a6f75110 code [0x000002d6a6f753a0, 0x000002d6a6f760f8]
Event: 148.721 Thread 0x000002d6c0496c00 26228   !   3       com.sun.org.apache.xerces.internal.impl.XMLVersionDetector::determineDocVersion (367 bytes)
Event: 148.722 Thread 0x000002d6c0496c00 nmethod 26228 0x000002d6a6f72b10 code [0x000002d6a6f72e60, 0x000002d6a6f73f08]
Event: 148.725 Thread 0x000002d6c0436e30 nmethod 26221 0x000002d6acde3710 code [0x000002d6acde38e0, 0x000002d6acde44e8]
Event: 148.725 Thread 0x000002d6c0436e30 26223       4       com.google.common.collect.Lists::equalsImpl (114 bytes)
Event: 148.742 Thread 0x000002d6c0436e30 nmethod 26223 0x000002d6acde4a90 code [0x000002d6acde4c80, 0x000002d6acde57d8]
Event: 148.742 Thread 0x000002d6c0436e30 26229       4       com.google.common.collect.Iterators$9::next (25 bytes)
Event: 148.743 Thread 0x000002d6c0436e30 nmethod 26229 0x000002d6acde5c90 code [0x000002d6acde5e00, 0x000002d6acde5e98]
Event: 148.744 Thread 0x000002d6c0496c00 26230       3       com.android.ide.common.symbols.SymbolUtils$mergeAndRenumberSymbols$2::accept (261 bytes)
Event: 148.747 Thread 0x000002d6c0496c00 nmethod 26230 0x000002d6a6e51a10 code [0x000002d6a6e51f40, 0x000002d6a6e54808]
Event: 148.747 Thread 0x000002d6c0496c00 26231       3       com.android.ide.common.symbols.Symbol$Companion::styleableSymbol (87 bytes)
Event: 148.749 Thread 0x000002d6c0496c00 nmethod 26231 0x000002d6a6eb5d90 code [0x000002d6a6eb6300, 0x000002d6a6eb8ba8]
Event: 148.771 Thread 0x000002d6c0436e30 26232       4       com.sun.jmx.mbeanserver.MBeanAnalyzer$MethodOrder::compare (13 bytes)
Event: 148.777 Thread 0x000002d6c0436e30 nmethod 26232 0x000002d6acde5f90 code [0x000002d6acde6180, 0x000002d6acde6ad0]
Event: 148.777 Thread 0x000002d6c0436e30 26233       4       com.sun.jmx.mbeanserver.MBeanAnalyzer$MethodOrder::compare (106 bytes)
Event: 148.782 Thread 0x000002d6c0436e30 nmethod 26233 0x000002d6acde6f90 code [0x000002d6acde7160, 0x000002d6acde7a50]
Event: 148.798 Thread 0x000002d6c0496c00 26234 %     3       com.google.gson.stream.JsonReader::nextNonWhitespace @ 16 (357 bytes)
Event: 148.800 Thread 0x000002d6c0496c00 nmethod 26234% 0x000002d6a6c6b610 code [0x000002d6a6c6baa0, 0x000002d6a6c6da98]
Event: 148.800 Thread 0x000002d6c0496c00 26235       3       com.google.gson.stream.JsonReader::nextNonWhitespace (357 bytes)
Event: 148.801 Thread 0x000002d6c0496c00 nmethod 26235 0x000002d6a4b8f310 code [0x000002d6a4b8f7a0, 0x000002d6a4b91678]

GC Heap History (20 events):
Event: 92.062 GC heap before
{Heap before GC invocations=111 (full 0):
 garbage-first heap   total 675840K, used 426430K [0x00000006e0000000, 0x0000000800000000)
  region size 4096K, 33 young (135168K), 6 survivors (24576K)
 Metaspace       used 102928K, capacity 111921K, committed 112200K, reserved 1146880K
  class space    used 12924K, capacity 14891K, committed 15000K, reserved 1048576K
}
Event: 92.078 GC heap after
{Heap after GC invocations=112 (full 0):
 garbage-first heap   total 675840K, used 281806K [0x00000006e0000000, 0x0000000800000000)
  region size 4096K, 10 young (40960K), 10 survivors (40960K)
 Metaspace       used 102928K, capacity 111921K, committed 112200K, reserved 1146880K
  class space    used 12924K, capacity 14891K, committed 15000K, reserved 1048576K
}
Event: 97.915 GC heap before
{Heap before GC invocations=113 (full 0):
 garbage-first heap   total 798720K, used 634062K [0x00000006e0000000, 0x0000000800000000)
  region size 4096K, 72 young (294912K), 10 survivors (40960K)
 Metaspace       used 100939K, capacity 107070K, committed 112200K, reserved 1146880K
  class space    used 12384K, capacity 13787K, committed 15000K, reserved 1048576K
}
Event: 97.929 GC heap after
{Heap after GC invocations=114 (full 0):
 garbage-first heap   total 798720K, used 243676K [0x00000006e0000000, 0x0000000800000000)
  region size 4096K, 2 young (8192K), 2 survivors (8192K)
 Metaspace       used 100939K, capacity 107070K, committed 112200K, reserved 1146880K
  class space    used 12384K, capacity 13787K, committed 15000K, reserved 1048576K
}
Event: 99.393 GC heap before
{Heap before GC invocations=115 (full 0):
 garbage-first heap   total 798720K, used 505820K [0x00000006e0000000, 0x0000000800000000)
  region size 4096K, 39 young (159744K), 2 survivors (8192K)
 Metaspace       used 101041K, capacity 107134K, committed 112200K, reserved 1146880K
  class space    used 12391K, capacity 13787K, committed 15000K, reserved 1048576K
}
Event: 99.397 GC heap after
{Heap after GC invocations=116 (full 0):
 garbage-first heap   total 798720K, used 272325K [0x00000006e0000000, 0x0000000800000000)
  region size 4096K, 2 young (8192K), 2 survivors (8192K)
 Metaspace       used 101041K, capacity 107134K, committed 112200K, reserved 1146880K
  class space    used 12391K, capacity 13787K, committed 15000K, reserved 1048576K
}
Event: 100.318 GC heap before
{Heap before GC invocations=117 (full 0):
 garbage-first heap   total 798720K, used 382917K [0x00000006e0000000, 0x0000000800000000)
  region size 4096K, 11 young (45056K), 2 survivors (8192K)
 Metaspace       used 101056K, capacity 107134K, committed 112200K, reserved 1146880K
  class space    used 12391K, capacity 13787K, committed 15000K, reserved 1048576K
}
Event: 100.323 GC heap after
{Heap after GC invocations=118 (full 0):
 garbage-first heap   total 798720K, used 298734K [0x00000006e0000000, 0x0000000800000000)
  region size 4096K, 2 young (8192K), 2 survivors (8192K)
 Metaspace       used 101056K, capacity 107134K, committed 112200K, reserved 1146880K
  class space    used 12391K, capacity 13787K, committed 15000K, reserved 1048576K
}
Event: 103.119 GC heap before
{Heap before GC invocations=119 (full 0):
 garbage-first heap   total 798720K, used 679662K [0x00000006e0000000, 0x0000000800000000)
  region size 4096K, 92 young (376832K), 2 survivors (8192K)
 Metaspace       used 105059K, capacity 111255K, committed 113224K, reserved 1146880K
  class space    used 12838K, capacity 14214K, committed 15000K, reserved 1048576K
}
Event: 103.133 GC heap after
{Heap after GC invocations=120 (full 0):
 garbage-first heap   total 798720K, used 235410K [0x00000006e0000000, 0x0000000800000000)
  region size 4096K, 3 young (12288K), 3 survivors (12288K)
 Metaspace       used 105059K, capacity 111255K, committed 113224K, reserved 1146880K
  class space    used 12838K, capacity 14214K, committed 15000K, reserved 1048576K
}
Event: 108.314 GC heap before
{Heap before GC invocations=120 (full 0):
 garbage-first heap   total 798720K, used 673682K [0x00000006e0000000, 0x0000000800000000)
  region size 4096K, 109 young (446464K), 3 survivors (12288K)
 Metaspace       used 105259K, capacity 111497K, committed 113480K, reserved 1148928K
  class space    used 12856K, capacity 14249K, committed 15000K, reserved 1048576K
}
Event: 108.334 GC heap after
{Heap after GC invocations=121 (full 0):
 garbage-first heap   total 798720K, used 237946K [0x00000006e0000000, 0x0000000800000000)
  region size 4096K, 4 young (16384K), 4 survivors (16384K)
 Metaspace       used 105259K, capacity 111497K, committed 113480K, reserved 1148928K
  class space    used 12856K, capacity 14249K, committed 15000K, reserved 1048576K
}
Event: 111.986 GC heap before
{Heap before GC invocations=121 (full 0):
 garbage-first heap   total 798720K, used 672122K [0x00000006e0000000, 0x0000000800000000)
  region size 4096K, 111 young (454656K), 4 survivors (16384K)
 Metaspace       used 105460K, capacity 111755K, committed 113736K, reserved 1148928K
  class space    used 12869K, capacity 14262K, committed 15000K, reserved 1048576K
}
Event: 112.013 GC heap after
{Heap after GC invocations=122 (full 0):
 garbage-first heap   total 798720K, used 243278K [0x00000006e0000000, 0x0000000800000000)
  region size 4096K, 5 young (20480K), 5 survivors (20480K)
 Metaspace       used 105460K, capacity 111755K, committed 113736K, reserved 1148928K
  class space    used 12869K, capacity 14262K, committed 15000K, reserved 1048576K
}
Event: 115.484 GC heap before
{Heap before GC invocations=122 (full 0):
 garbage-first heap   total 798720K, used 677454K [0x00000006e0000000, 0x0000000800000000)
  region size 4096K, 112 young (458752K), 5 survivors (20480K)
 Metaspace       used 105626K, capacity 111819K, committed 113736K, reserved 1148928K
  class space    used 12871K, capacity 14262K, committed 15000K, reserved 1048576K
}
Event: 115.521 GC heap after
{Heap after GC invocations=123 (full 0):
 garbage-first heap   total 798720K, used 249740K [0x00000006e0000000, 0x0000000800000000)
  region size 4096K, 6 young (24576K), 6 survivors (24576K)
 Metaspace       used 105626K, capacity 111819K, committed 113736K, reserved 1148928K
  class space    used 12871K, capacity 14262K, committed 15000K, reserved 1048576K
}
Event: 122.517 GC heap before
{Heap before GC invocations=123 (full 0):
 garbage-first heap   total 798720K, used 794508K [0x00000006e0000000, 0x0000000800000000)
  region size 4096K, 112 young (458752K), 6 survivors (24576K)
 Metaspace       used 105780K, capacity 112075K, committed 113992K, reserved 1148928K
  class space    used 12876K, capacity 14262K, committed 15000K, reserved 1048576K
}
Event: 122.551 GC heap after
{Heap after GC invocations=124 (full 0):
 garbage-first heap   total 831488K, used 281731K [0x00000006e0000000, 0x0000000800000000)
  region size 4096K, 8 young (32768K), 8 survivors (32768K)
 Metaspace       used 105780K, capacity 112075K, committed 113992K, reserved 1148928K
  class space    used 12876K, capacity 14262K, committed 15000K, reserved 1048576K
}
Event: 136.103 GC heap before
{Heap before GC invocations=124 (full 0):
 garbage-first heap   total 831488K, used 633987K [0x00000006e0000000, 0x0000000800000000)
  region size 4096K, 67 young (274432K), 8 survivors (32768K)
 Metaspace       used 105822K, capacity 112075K, committed 113992K, reserved 1148928K
  class space    used 12877K, capacity 14262K, committed 15000K, reserved 1048576K
}
Event: 136.297 GC heap after
{Heap after GC invocations=125 (full 0):
 garbage-first heap   total 831488K, used 274892K [0x00000006e0000000, 0x0000000800000000)
  region size 4096K, 7 young (28672K), 7 survivors (28672K)
 Metaspace       used 105822K, capacity 112075K, committed 113992K, reserved 1148928K
  class space    used 12877K, capacity 14262K, committed 15000K, reserved 1048576K
}

Deoptimization events (20 events):
Event: 148.674 Thread 0x000002d6c0f2dd90 Uncommon trap: trap_request=0xffffffc6 fr.pc=0x000002d6ac11cfd4 relative=0x0000000000000594
Event: 148.674 Thread 0x000002d6c0f2dd90 Uncommon trap: reason=bimorphic_or_optimized_type_check action=maybe_recompile pc=0x000002d6ac11cfd4 method=java.util.Comparator.lambda$comparing$77a9974f$1(Ljava/util/function/Function;Ljava/lang/Object;Ljava/lang/Object;)I @ 17 c2
Event: 148.674 Thread 0x000002d6c0f2dd90 DEOPT PACKING pc=0x000002d6ac11cfd4 sp=0x000000e9fa8f9e00
Event: 148.674 Thread 0x000002d6c0f2dd90 DEOPT UNPACKING pc=0x000002d6a449852f sp=0x000000e9fa8f9d10 mode 2
Event: 148.674 Thread 0x000002d6c0f2dd90 Uncommon trap: trap_request=0xffffffc6 fr.pc=0x000002d6ac11cfd4 relative=0x0000000000000594
Event: 148.674 Thread 0x000002d6c0f2dd90 Uncommon trap: reason=bimorphic_or_optimized_type_check action=maybe_recompile pc=0x000002d6ac11cfd4 method=java.util.Comparator.lambda$comparing$77a9974f$1(Ljava/util/function/Function;Ljava/lang/Object;Ljava/lang/Object;)I @ 17 c2
Event: 148.674 Thread 0x000002d6c0f2dd90 DEOPT PACKING pc=0x000002d6ac11cfd4 sp=0x000000e9fa8f9d70
Event: 148.674 Thread 0x000002d6c0f2dd90 DEOPT UNPACKING pc=0x000002d6a449852f sp=0x000000e9fa8f9c80 mode 2
Event: 148.674 Thread 0x000002d6c0f2dd90 Uncommon trap: trap_request=0xffffffc6 fr.pc=0x000002d6ac11cfd4 relative=0x0000000000000594
Event: 148.674 Thread 0x000002d6c0f2dd90 Uncommon trap: reason=bimorphic_or_optimized_type_check action=maybe_recompile pc=0x000002d6ac11cfd4 method=java.util.Comparator.lambda$comparing$77a9974f$1(Ljava/util/function/Function;Ljava/lang/Object;Ljava/lang/Object;)I @ 17 c2
Event: 148.674 Thread 0x000002d6c0f2dd90 DEOPT PACKING pc=0x000002d6ac11cfd4 sp=0x000000e9fa8f9d70
Event: 148.674 Thread 0x000002d6c0f2dd90 DEOPT UNPACKING pc=0x000002d6a449852f sp=0x000000e9fa8f9c80 mode 2
Event: 148.676 Thread 0x000002d6c0f2dd90 Uncommon trap: trap_request=0xffffff45 fr.pc=0x000002d6ac7b90e8 relative=0x00000000000005a8
Event: 148.676 Thread 0x000002d6c0f2dd90 Uncommon trap: reason=unstable_if action=reinterpret pc=0x000002d6ac7b90e8 method=java.lang.StringLatin1.compareToCI([B[B)I @ 68 c2
Event: 148.676 Thread 0x000002d6c0f2dd90 DEOPT PACKING pc=0x000002d6ac7b90e8 sp=0x000000e9fa8f9b20
Event: 148.676 Thread 0x000002d6c0f2dd90 DEOPT UNPACKING pc=0x000002d6a449852f sp=0x000000e9fa8f97f8 mode 2
Event: 148.798 Thread 0x000002d6c0f2dd90 Uncommon trap: trap_request=0xffffff45 fr.pc=0x000002d6ac6bb75c relative=0x000000000000019c
Event: 148.798 Thread 0x000002d6c0f2dd90 Uncommon trap: reason=unstable_if action=reinterpret pc=0x000002d6ac6bb75c method=com.google.gson.stream.JsonReader.nextNonWhitespace(Z)I @ 93 c2
Event: 148.798 Thread 0x000002d6c0f2dd90 DEOPT PACKING pc=0x000002d6ac6bb75c sp=0x000000e9fa8f9d20
Event: 148.798 Thread 0x000002d6c0f2dd90 DEOPT UNPACKING pc=0x000002d6a449852f sp=0x000000e9fa8f9c90 mode 2

Classes unloaded (20 events):
Event: 95.407 Thread 0x000002d6c0413420 Unloading class 0x00000008015e3040 '_BuildScript_'
Event: 95.407 Thread 0x000002d6c0413420 Unloading class 0x00000008015bdbf8 '_BuildScript_$_run_closure3'
Event: 95.407 Thread 0x000002d6c0413420 Unloading class 0x00000008015bd840 '_BuildScript_$_run_closure2$_closure4'
Event: 95.407 Thread 0x000002d6c0413420 Unloading class 0x00000008015be3f8 '_BuildScript_$_run_closure2'
Event: 95.407 Thread 0x000002d6c0413420 Unloading class 0x00000008015be040 '_BuildScript_$_run_closure1'
Event: 95.407 Thread 0x000002d6c0413420 Unloading class 0x00000008015be840 '_BuildScript_'
Event: 95.407 Thread 0x000002d6c0413420 Unloading class 0x00000008015bf040 '_BuildScript_'
Event: 95.407 Thread 0x000002d6c0413420 Unloading class 0x00000008015992d8 '_BuildScript_$_run_closure3'
Event: 95.407 Thread 0x000002d6c0413420 Unloading class 0x0000000801598f20 '_BuildScript_$_run_closure2$_closure10$_closure12'
Event: 95.407 Thread 0x000002d6c0413420 Unloading class 0x0000000801598b68 '_BuildScript_$_run_closure2$_closure10$_closure11'
Event: 95.407 Thread 0x000002d6c0413420 Unloading class 0x00000008015987b0 '_BuildScript_$_run_closure2$_closure10'
Event: 95.407 Thread 0x000002d6c0413420 Unloading class 0x00000008015983f8 '_BuildScript_$_run_closure2$_closure9'
Event: 95.407 Thread 0x000002d6c0413420 Unloading class 0x0000000801598040 '_BuildScript_$_run_closure2'
Event: 95.407 Thread 0x000002d6c0413420 Unloading class 0x0000000801594bf8 '_BuildScript_$_run_closure1$_closure7'
Event: 95.407 Thread 0x000002d6c0413420 Unloading class 0x0000000801594840 '_BuildScript_$_run_closure1$_closure6'
Event: 95.407 Thread 0x000002d6c0413420 Unloading class 0x00000008015943f8 '_BuildScript_$_run_closure1$_closure5$_closure8'
Event: 95.407 Thread 0x000002d6c0413420 Unloading class 0x0000000801594040 '_BuildScript_$_run_closure1$_closure5'
Event: 95.407 Thread 0x000002d6c0413420 Unloading class 0x0000000801593bf8 '_BuildScript_$_run_closure1$_closure4'
Event: 95.407 Thread 0x000002d6c0413420 Unloading class 0x0000000801593840 '_BuildScript_$_run_closure1'
Event: 95.407 Thread 0x000002d6c0413420 Unloading class 0x0000000801593040 '_BuildScript_'

Classes redefined (0 events):
No events

Internal exceptions (20 events):
Event: 148.462 Thread 0x000002d6c0f325c0 Exception <a 'sun/nio/fs/WindowsException'{0x00000007079eb9b0}> (0x00000007079eb9b0) 
thrown [./open/src/hotspot/share/prims/jni.cpp, line 578]
Event: 148.462 Thread 0x000002d6c0f325c0 Exception <a 'sun/nio/fs/WindowsException'{0x00000007079ebce0}> (0x00000007079ebce0) 
thrown [./open/src/hotspot/share/prims/jni.cpp, line 578]
Event: 148.462 Thread 0x000002d6c0f325c0 Exception <a 'sun/nio/fs/WindowsException'{0x00000007079ecb90}> (0x00000007079ecb90) 
thrown [./open/src/hotspot/share/prims/jni.cpp, line 578]
Event: 148.555 Thread 0x000002d6c11c18e0 Exception <a 'sun/nio/fs/WindowsException'{0x00000007073a5d70}> (0x00000007073a5d70) 
thrown [./open/src/hotspot/share/prims/jni.cpp, line 578]
Event: 148.559 Thread 0x000002d6c11c18e0 Exception <a 'sun/nio/fs/WindowsException'{0x00000007073cb740}> (0x00000007073cb740) 
thrown [./open/src/hotspot/share/prims/jni.cpp, line 578]
Event: 148.560 Thread 0x000002d6c11c18e0 Exception <a 'sun/nio/fs/WindowsException'{0x00000007073cb890}> (0x00000007073cb890) 
thrown [./open/src/hotspot/share/prims/jni.cpp, line 578]
Event: 148.560 Thread 0x000002d6c11c18e0 Exception <a 'sun/nio/fs/WindowsException'{0x00000007073cbc18}> (0x00000007073cbc18) 
thrown [./open/src/hotspot/share/prims/jni.cpp, line 578]
Event: 148.560 Thread 0x000002d6c11c18e0 Exception <a 'sun/nio/fs/WindowsException'{0x00000007073cc028}> (0x00000007073cc028) 
thrown [./open/src/hotspot/share/prims/jni.cpp, line 578]
Event: 148.589 Thread 0x000002d6c0f2dd90 Exception <a 'java/lang/NoSuchMethodError'{0x00000007090f6e40}: 'long java.lang.invoke.DirectMethodHandle$Holder.invokeStatic(java.lang.Object, java.lang.Object)'> (0x00000007090f6e40) 
thrown [./open/src/hotspot/share/interpreter/linkResolver.cpp, line 782]
Event: 148.697 Thread 0x000002d6c0f2cf20 Exception <a 'sun/nio/fs/WindowsException'{0x0000000706c5fbc0}> (0x0000000706c5fbc0) 
thrown [./open/src/hotspot/share/prims/jni.cpp, line 578]
Event: 148.697 Thread 0x000002d6c0f2cf20 Exception <a 'sun/nio/fs/WindowsException'{0x0000000706c60a70}> (0x0000000706c60a70) 
thrown [./open/src/hotspot/share/prims/jni.cpp, line 578]
Event: 148.697 Thread 0x000002d6c0f2cf20 Exception <a 'sun/nio/fs/WindowsException'{0x0000000706c60e00}> (0x0000000706c60e00) 
thrown [./open/src/hotspot/share/prims/jni.cpp, line 578]
Event: 148.697 Thread 0x000002d6c0f2cf20 Exception <a 'sun/nio/fs/WindowsException'{0x0000000706c61ce0}> (0x0000000706c61ce0) 
thrown [./open/src/hotspot/share/prims/jni.cpp, line 578]
Event: 148.697 Thread 0x000002d6c0f2cf20 Exception <a 'sun/nio/fs/WindowsException'{0x0000000706c62010}> (0x0000000706c62010) 
thrown [./open/src/hotspot/share/prims/jni.cpp, line 578]
Event: 148.697 Thread 0x000002d6c0f2cf20 Exception <a 'sun/nio/fs/WindowsException'{0x0000000706c62ec0}> (0x0000000706c62ec0) 
thrown [./open/src/hotspot/share/prims/jni.cpp, line 578]
Event: 148.751 Thread 0x000002d6c11c1410 Exception <a 'sun/nio/fs/WindowsException'{0x00000007065bcf20}> (0x00000007065bcf20) 
thrown [./open/src/hotspot/share/prims/jni.cpp, line 578]
Event: 148.754 Thread 0x000002d6c11c1410 Exception <a 'sun/nio/fs/WindowsException'{0x00000007065e3b88}> (0x00000007065e3b88) 
thrown [./open/src/hotspot/share/prims/jni.cpp, line 578]
Event: 148.754 Thread 0x000002d6c11c1410 Exception <a 'sun/nio/fs/WindowsException'{0x00000007065e3cd8}> (0x00000007065e3cd8) 
thrown [./open/src/hotspot/share/prims/jni.cpp, line 578]
Event: 148.754 Thread 0x000002d6c11c1410 Exception <a 'sun/nio/fs/WindowsException'{0x00000007065e4060}> (0x00000007065e4060) 
thrown [./open/src/hotspot/share/prims/jni.cpp, line 578]
Event: 148.754 Thread 0x000002d6c11c1410 Exception <a 'sun/nio/fs/WindowsException'{0x00000007065e4470}> (0x00000007065e4470) 
thrown [./open/src/hotspot/share/prims/jni.cpp, line 578]

Events (20 events):
Event: 148.427 Executing coalesced safepoint VM operation: ICBufferFull
Event: 148.427 Executing coalesced safepoint VM operation: ICBufferFull done
Event: 148.427 Executing coalesced safepoint VM operation: ICBufferFull
Event: 148.427 Executing coalesced safepoint VM operation: ICBufferFull done
Event: 148.428 Executing VM operation: ICBufferFull done
Event: 148.428 Executing VM operation: HandshakeAllThreads
Event: 148.429 Executing VM operation: HandshakeAllThreads done
Event: 148.551 Executing VM operation: HandshakeAllThreads
Event: 148.552 Executing VM operation: HandshakeAllThreads done
Event: 148.561 Executing VM operation: ICBufferFull
Event: 148.571 Executing VM operation: ICBufferFull done
Event: 148.605 Executing VM operation: HandshakeAllThreads
Event: 148.633 Executing VM operation: HandshakeAllThreads done
Event: 148.646 loading class java/util/stream/ReduceOps$9
Event: 148.662 loading class java/util/stream/ReduceOps$9 done
Event: 148.662 loading class java/util/stream/ReduceOps$CountingSink$OfInt
Event: 148.670 loading class java/util/stream/ReduceOps$CountingSink
Event: 148.673 loading class java/util/stream/ReduceOps$CountingSink done
Event: 148.673 loading class java/util/stream/ReduceOps$CountingSink$OfInt done
Event: 148.801 Executing VM operation: G1Concurrent


Dynamic libraries:
0x00007ff63b610000 - 0x00007ff63b61f000 	C:\Program Files\Java\jdk-15.0.2\bin\java.exe
0x00007ffd0b300000 - 0x00007ffd0b509000 	C:\WINDOWS\SYSTEM32\ntdll.dll
0x00007ffd08080000 - 0x00007ffd08096000 	C:\Program Files\Avast Software\Avast\aswhook.dll
0x00007ffd09e40000 - 0x00007ffd09efd000 	C:\WINDOWS\System32\KERNEL32.DLL
0x00007ffd08a50000 - 0x00007ffd08dc9000 	C:\WINDOWS\System32\KERNELBASE.dll
0x00007ffd08ea0000 - 0x00007ffd08fb1000 	C:\WINDOWS\System32\ucrtbase.dll
0x00007ffd03530000 - 0x00007ffd03549000 	C:\Program Files\Java\jdk-15.0.2\bin\VCRUNTIME140.dll
0x00007ffd03550000 - 0x00007ffd03568000 	C:\Program Files\Java\jdk-15.0.2\bin\jli.dll
0x00007ffd0a510000 - 0x00007ffd0a5be000 	C:\WINDOWS\System32\ADVAPI32.dll
0x00007ffd0b210000 - 0x00007ffd0b2b3000 	C:\WINDOWS\System32\msvcrt.dll
0x00007ffd09bf0000 - 0x00007ffd09c8e000 	C:\WINDOWS\System32\sechost.dll
0x00007ffd0b0f0000 - 0x00007ffd0b210000 	C:\WINDOWS\System32\RPCRT4.dll
0x00007ffd0a0c0000 - 0x00007ffd0a26c000 	C:\WINDOWS\System32\USER32.dll
0x00007ffd07ba0000 - 0x00007ffd07e45000 	C:\WINDOWS\WinSxS\amd64_microsoft.windows.common-controls_6595b64144ccf1df_6.0.22000.120_none_9d947278b86cc467\COMCTL32.dll
0x00007ffd08dd0000 - 0x00007ffd08df6000 	C:\WINDOWS\System32\win32u.dll
0x00007ffd09280000 - 0x00007ffd092a9000 	C:\WINDOWS\System32\GDI32.dll
0x00007ffd08fc0000 - 0x00007ffd090d2000 	C:\WINDOWS\System32\gdi32full.dll
0x00007ffd08e00000 - 0x00007ffd08e9d000 	C:\WINDOWS\System32\msvcp_win.dll
0x00007ffd06af0000 - 0x00007ffd06afa000 	C:\WINDOWS\SYSTEM32\VERSION.dll
0x00007ffd091b0000 - 0x00007ffd091e1000 	C:\WINDOWS\System32\IMM32.DLL
0x00007ffd03520000 - 0x00007ffd0352c000 	C:\Program Files\Java\jdk-15.0.2\bin\vcruntime140_1.dll
0x00007ffd03480000 - 0x00007ffd03511000 	C:\Program Files\Java\jdk-15.0.2\bin\msvcp140.dll
0x00007ffcb52f0000 - 0x00007ffcb5e4e000 	C:\Program Files\Java\jdk-15.0.2\bin\server\jvm.dll
0x00007ffd09d50000 - 0x00007ffd09d58000 	C:\WINDOWS\System32\PSAPI.DLL
0x00007ffcee150000 - 0x00007ffcee159000 	C:\WINDOWS\SYSTEM32\WSOCK32.dll
0x00007ffd09210000 - 0x00007ffd0927f000 	C:\WINDOWS\System32\WS2_32.dll
0x00007ffcfae60000 - 0x00007ffcfae93000 	C:\WINDOWS\SYSTEM32\WINMM.dll
0x00007ffd069d0000 - 0x00007ffd069e8000 	C:\WINDOWS\SYSTEM32\kernel.appcore.dll
0x00007ffd03470000 - 0x00007ffd0347a000 	C:\Program Files\Java\jdk-15.0.2\bin\jimage.dll
0x00007ffd081f0000 - 0x00007ffd08411000 	C:\WINDOWS\SYSTEM32\DBGHELP.DLL
0x00007ffd07fe0000 - 0x00007ffd08011000 	C:\WINDOWS\SYSTEM32\dbgcore.DLL
0x00007ffd08860000 - 0x00007ffd088df000 	C:\WINDOWS\System32\bcryptPrimitives.dll
0x00007ffd03440000 - 0x00007ffd03465000 	C:\Program Files\Java\jdk-15.0.2\bin\java.dll
0x00007ffd0a5c0000 - 0x00007ffd0ad6f000 	C:\WINDOWS\System32\SHELL32.dll
0x00007ffd05a40000 - 0x00007ffd062a8000 	C:\WINDOWS\SYSTEM32\windows.storage.dll
0x00007ffd0ad70000 - 0x00007ffd0b0e8000 	C:\WINDOWS\System32\combase.dll
0x00007ffd058d0000 - 0x00007ffd05a36000 	C:\WINDOWS\SYSTEM32\wintypes.dll
0x00007ffd0a420000 - 0x00007ffd0a50a000 	C:\WINDOWS\System32\SHCORE.dll
0x00007ffd093f0000 - 0x00007ffd0944d000 	C:\WINDOWS\System32\shlwapi.dll
0x00007ffd08720000 - 0x00007ffd08741000 	C:\WINDOWS\SYSTEM32\profapi.dll
0x00007ffd00cf0000 - 0x00007ffd00d09000 	C:\Program Files\Java\jdk-15.0.2\bin\net.dll
0x00007ffcfee10000 - 0x00007ffcfef1c000 	C:\WINDOWS\SYSTEM32\WINHTTP.dll
0x00007ffd06e60000 - 0x00007ffd06ec7000 	C:\WINDOWS\system32\mswsock.dll
0x00007ffcf81e0000 - 0x00007ffcf81f2000 	C:\Program Files\Java\jdk-15.0.2\bin\nio.dll
0x00007ffcf81c0000 - 0x00007ffcf81d8000 	C:\Program Files\Java\jdk-15.0.2\bin\zip.dll
0x00007ffd00ce0000 - 0x00007ffd00cf0000 	C:\Program Files\Java\jdk-15.0.2\bin\verify.dll
0x00007ffcf8470000 - 0x00007ffcf8497000 	C:\Users\jai\.gradle\native\49d0259a56938c7f99b2704e745ce422c4f750a7a20b539a32ccef96729676b1\windows-amd64\native-platform.dll
0x00007ffcb7620000 - 0x00007ffcb77b6000 	C:\Users\jai\.gradle\native\12488b8bf47d2d4c9fbf2f6322a914ad602e24e48041cd04a747c6da556b65c4\windows-amd64\native-platform-file-events.dll
0x00007ffcf2130000 - 0x00007ffcf2139000 	C:\Program Files\Java\jdk-15.0.2\bin\management.dll
0x00007ffcf1930000 - 0x00007ffcf193b000 	C:\Program Files\Java\jdk-15.0.2\bin\management_ext.dll
0x00007ffd08420000 - 0x00007ffd08438000 	C:\WINDOWS\SYSTEM32\CRYPTSP.dll
0x00007ffd06930000 - 0x00007ffd06965000 	C:\WINDOWS\system32\rsaenh.dll
0x00007ffd07920000 - 0x00007ffd07949000 	C:\WINDOWS\SYSTEM32\USERENV.dll
0x00007ffd08180000 - 0x00007ffd081a7000 	C:\WINDOWS\SYSTEM32\bcrypt.dll
0x00007ffd079d0000 - 0x00007ffd079dc000 	C:\WINDOWS\SYSTEM32\CRYPTBASE.dll
0x00007ffd06500000 - 0x00007ffd0652d000 	C:\WINDOWS\SYSTEM32\IPHLPAPI.DLL
0x00007ffd09c90000 - 0x00007ffd09c99000 	C:\WINDOWS\System32\NSI.dll
0x00007ffcfb090000 - 0x00007ffcfb0a9000 	C:\WINDOWS\SYSTEM32\dhcpcsvc6.DLL
0x00007ffcfebc0000 - 0x00007ffcfebde000 	C:\WINDOWS\SYSTEM32\dhcpcsvc.DLL
0x00007ffd06530000 - 0x00007ffd06618000 	C:\WINDOWS\SYSTEM32\DNSAPI.dll
0x00007ffd06fe0000 - 0x00007ffd06fed000 	C:\Program Files\Java\jdk-15.0.2\bin\sunmscapi.dll
0x00007ffd088e0000 - 0x00007ffd08a42000 	C:\WINDOWS\System32\CRYPT32.dll
0x00007ffd079a0000 - 0x00007ffd079c8000 	C:\WINDOWS\SYSTEM32\ncrypt.dll
0x00007ffd078c0000 - 0x00007ffd078f7000 	C:\WINDOWS\SYSTEM32\NTASN1.dll
0x00007ffcf9660000 - 0x00007ffcf966a000 	C:\Windows\System32\rasadhlp.dll
0x00007ffcf9670000 - 0x00007ffcf96f1000 	C:\WINDOWS\System32\fwpuclnt.dll
0x00007ffd081b0000 - 0x00007ffd081e4000 	C:\WINDOWS\SYSTEM32\ntmarta.dll
0x00007ffd04cb0000 - 0x00007ffd04d41000 	C:\WINDOWS\system32\apphelp.dll

dbghelp: loaded successfully - version: 4.0.5 - missing functions: none
symbol engine: initialized successfully - sym options: 0x614 - pdb path: .;C:\Program Files\Java\jdk-15.0.2\bin;C:\WINDOWS\SYSTEM32;C:\Program Files\Avast Software\Avast;C:\WINDOWS\WinSxS\amd64_microsoft.windows.common-controls_6595b64144ccf1df_6.0.22000.120_none_9d947278b86cc467;C:\Program Files\Java\jdk-15.0.2\bin\server;C:\Users\jai\.gradle\native\49d0259a56938c7f99b2704e745ce422c4f750a7a20b539a32ccef96729676b1\windows-amd64;C:\Users\jai\.gradle\native\12488b8bf47d2d4c9fbf2f6322a914ad602e24e48041cd04a747c6da556b65c4\windows-amd64

VM Arguments:
jvm_args: --add-opens=java.base/java.util=ALL-UNNAMED --add-opens=java.base/java.lang=ALL-UNNAMED --add-opens=java.base/java.lang.invoke=ALL-UNNAMED --add-opens=java.prefs/java.util.prefs=ALL-UNNAMED -Xmx4608m -Dfile.encoding=windows-1252 -Duser.country=IN -Duser.language=en -Duser.variant 
java_command: org.gradle.launcher.daemon.bootstrap.GradleDaemon 6.9
java_class_path (initial): C:\Users\jai\.gradle\wrapper\dists\gradle-6.9-all\dooywd8nv05k16orzxge2b1bs\gradle-6.9\lib\gradle-launcher-6.9.jar
Launcher Type: SUN_STANDARD

[Global flags]
     intx CICompilerCount                          = 3                                         {product} {ergonomic}
     uint ConcGCThreads                            = 1                                         {product} {ergonomic}
     uint G1ConcRefinementThreads                  = 4                                         {product} {ergonomic}
   size_t G1HeapRegionSize                         = 4194304                                   {product} {ergonomic}
    uintx GCDrainStackTargetSize                   = 64                                        {product} {ergonomic}
   size_t InitialHeapSize                          = 62914560                                  {product} {ergonomic}
   size_t MarkStackSize                            = 4194304                                   {product} {ergonomic}
   size_t MaxHeapSize                              = 4831838208                                {product} {command line}
   size_t MaxNewSize                               = 2898264064                                {product} {ergonomic}
   size_t MinHeapDeltaBytes                        = 4194304                                   {product} {ergonomic}
   size_t MinHeapSize                              = 8388608                                   {product} {ergonomic}
    uintx NonNMethodCodeHeapSize                   = 5832780                                {pd product} {ergonomic}
    uintx NonProfiledCodeHeapSize                  = 122912730                              {pd product} {ergonomic}
    uintx ProfiledCodeHeapSize                     = 122912730                              {pd product} {ergonomic}
    uintx ReservedCodeCacheSize                    = 251658240                              {pd product} {ergonomic}
     bool SegmentedCodeCache                       = true                                      {product} {ergonomic}
   size_t SoftMaxHeapSize                          = 4831838208                             {manageable} {ergonomic}
     bool UseCompressedClassPointers               = true                                 {lp64_product} {ergonomic}
     bool UseCompressedOops                        = true                                 {lp64_product} {ergonomic}
     bool UseG1GC                                  = true                                      {product} {ergonomic}
     bool UseLargePagesIndividualAllocation        = false                                  {pd product} {ergonomic}

Logging:
Log output configuration:
 #0: stdout all=warning uptime,level,tags
 #1: stderr all=off uptime,level,tags

Environment Variables:
CLASSPATH=E:\SoleraApp\Sachin\Docmz-app\android\\gradle\wrapper\gradle-wrapper.jar
PATH=E:\SoleraApp\Sachin\Docmz-app\android\node_modules\.bin;E:\SoleraApp\Sachin\Docmz-app\node_modules\.bin;E:\SoleraApp\Sachin\node_modules\.bin;E:\SoleraApp\node_modules\.bin;E:\node_modules\.bin;C:\Program Files\nodejs;C:\Users\jai\AppData\Local\Temp\yarn--1655020449894-0.6760753430345481;E:\SoleraApp\Sachin\Docmz-app\node_modules\.bin;C:\Users\jai\AppData\Local\Yarn\Data\link\node_modules\.bin;C:\Users\jai\AppData\Local\Yarn\bin;C:\Program Files\libexec\lib\node_modules\npm\bin\node-gyp-bin;C:\Program Files\lib\node_modules\npm\bin\node-gyp-bin;C:\Program Files\nodejs\node_modules\npm\bin\node-gyp-bin;C:\Python310\Scripts\;C:\Python310\;C:\Program Files\Common Files\Oracle\Java\javapath;C:\WINDOWS\system32;C:\WINDOWS;C:\WINDOWS\System32\Wbem;C:\WINDOWS\System32\WindowsPowerShell\v1.0\;C:\WINDOWS\System32\OpenSSH\;C:\MinGW\bin;C:\Users\jai\AppData\Local\Android\android-sdk\cmdline-tools\tools\bin;C:\Program Files\Java\jdk-15.0.2\bin;C:\Program Files\nodejs\;C:\ProgramData\chocolatey\bin;C:\Program Files\Git\cmd;C:\Users\jai\AppData\Local\Programs\Python\Python39\Scripts\;C:\Users\jai\AppData\Local\Programs\Python\Python39\;C:\Users\jai\AppData\Local\Microsoft\WindowsApps;C:\Users\jai\AppData\Local\Programs\Microsoft VS Code\bin;C:\Program Files\nodejs;C:\Program Files\MongoDB\Server\4.4\bin;E:\heroku\bin;C:\openssl-1.0.2j-fips-x86_64\OpenSSL\bin;C:\Users\jai\AppData\Local\Android\android-sdk\cmdline-tools\tools\bin;C:\Users\jai\AppData\Local\Android\android-sdk\platform-tools;C:\Program Files\Java\jdk-15.0.2\bin;C:\Users\jai\AppData\Roaming\npm
USERNAME=jai
OS=Windows_NT
PROCESSOR_IDENTIFIER=Intel64 Family 6 Model 126 Stepping 5, GenuineIntel



---------------  S Y S T E M  ---------------

OS:
 Windows 10 , 64 bit Build 22000 (10.0.22000.675)
OS uptime: 0 days 9:36 hours

CPU: total 4 (initial active 4) (2 cores per cpu, 2 threads per core) family 6 model 126 stepping 5 microcode 0xa0, cmov, cx8, fxsr, mmx, sse, sse2, sse3, ssse3, sse4.1, sse4.2, popcnt, vzeroupper, avx, avx2, aes, clmul, erms, 3dnowpref, lzcnt, ht, tsc, tscinvbit, bmi1, bmi2, adx, avx512f, avx512dq, avx512cd, avx512bw, avx512vl, avx512_vpopcntdq, avx512_vpclmulqdq, avx512_vbmi, avx512_vbmi2, avx512_vaes, avx512_vnni, sha, fma, clflush, clflushopt

Memory: 4k page, system-wide physical 3787M (306M free)
TotalPageFile size 15563M (AvailPageFile size 32M)
current process WorkingSet (physical memory assigned to process): 818M, peak: 1001M
current process commit charge ("private bytes"): 1213M, peak: 1449M

vm_info: Java HotSpot(TM) 64-Bit Server VM (15.0.2+7-27) for windows-amd64 JRE (15.0.2+7-27), built on Dec  7 2020 20:07:01 by "mach5one" with unknown MS VC++:1925

END.
